<?xml version="1.0" encoding="UTF-8"?>
<!-- Generated by org.testng.reporters.JUnitXMLReporter -->
<testsuite hostname="ATMECSINLT-033" ignored="0" name="Test" tests="32" failures="0" timestamp="01 Oct 2019 12:46:01 GMT" time="1.72" errors="0">
  <testcase name="@BeforeSuite intitailizeBrowser" time="30.384" classname="com.atmecs.assessment.constant.testbase.TestBase">
    <failure type="org.openqa.selenium.remote.UnreachableBrowserException" message="Could not start a new session. Possible causes are invalid address of the remote server or browser start-up failure.
Build info: version: &amp;apos;3.141.59&amp;apos;, revision: &amp;apos;e82be7d358&amp;apos;, time: &amp;apos;2018-11-14T08:17:03&amp;apos;
System info: host: &amp;apos;ATMECSINLT-033&amp;apos;, ip: &amp;apos;55.55.52.127&amp;apos;, os.name: &amp;apos;Windows 10&amp;apos;, os.arch: &amp;apos;amd64&amp;apos;, os.version: &amp;apos;10.0&amp;apos;, java.version: &amp;apos;1.8.0_221&amp;apos;
Driver info: driver.version: RemoteWebDriver">
      <![CDATA[org.openqa.selenium.remote.UnreachableBrowserException: Could not start a new session. Possible causes are invalid address of the remote server or browser start-up failure.
Build info: version: '3.141.59', revision: 'e82be7d358', time: '2018-11-14T08:17:03'
System info: host: 'ATMECSINLT-033', ip: '55.55.52.127', os.name: 'Windows 10', os.arch: 'amd64', os.version: '10.0', java.version: '1.8.0_221'
Driver info: driver.version: RemoteWebDriver
at org.openqa.selenium.remote.RemoteWebDriver.execute(RemoteWebDriver.java:573)
at org.openqa.selenium.remote.RemoteWebDriver.startSession(RemoteWebDriver.java:213)
at org.openqa.selenium.remote.RemoteWebDriver.<init>(RemoteWebDriver.java:131)
at org.openqa.selenium.remote.RemoteWebDriver.<init>(RemoteWebDriver.java:144)
at com.atmecs.assessment.constant.testbase.Grid.getConnection(Grid.java:45)
at com.atmecs.assessment.constant.testbase.TestBase.intitailizeBrowser(TestBase.java:61)
Caused by: java.net.SocketException: Connection reset
at java.net.SocketInputStream.read(SocketInputStream.java:210)
at java.net.SocketInputStream.read(SocketInputStream.java:141)
at okio.Okio$2.read(Okio.java:140)
at okio.AsyncTimeout$2.read(AsyncTimeout.java:237)
at okio.RealBufferedSource.indexOf(RealBufferedSource.java:355)
at okio.RealBufferedSource.readUtf8LineStrict(RealBufferedSource.java:227)
at okhttp3.internal.http1.Http1Codec.readHeaderLine(Http1Codec.java:215)
at okhttp3.internal.http1.Http1Codec.readResponseHeaders(Http1Codec.java:189)
at okhttp3.internal.http.CallServerInterceptor.intercept(CallServerInterceptor.java:88)
at okhttp3.internal.http.RealInterceptorChain.proceed(RealInterceptorChain.java:147)
at okhttp3.internal.http.RealInterceptorChain.proceed(RealInterceptorChain.java:121)
at org.openqa.selenium.remote.internal.OkHttpClient$Factory$1.lambda$createClient$1(OkHttpClient.java:152)
at okhttp3.internal.http.RealInterceptorChain.proceed(RealInterceptorChain.java:147)
at okhttp3.internal.connection.ConnectInterceptor.intercept(ConnectInterceptor.java:45)
at okhttp3.internal.http.RealInterceptorChain.proceed(RealInterceptorChain.java:147)
at okhttp3.internal.http.RealInterceptorChain.proceed(RealInterceptorChain.java:121)
at okhttp3.internal.cache.CacheInterceptor.intercept(CacheInterceptor.java:93)
at okhttp3.internal.http.RealInterceptorChain.proceed(RealInterceptorChain.java:147)
at okhttp3.internal.http.RealInterceptorChain.proceed(RealInterceptorChain.java:121)
at okhttp3.internal.http.BridgeInterceptor.intercept(BridgeInterceptor.java:93)
at okhttp3.internal.http.RealInterceptorChain.proceed(RealInterceptorChain.java:147)
at okhttp3.internal.http.RetryAndFollowUpInterceptor.intercept(RetryAndFollowUpInterceptor.java:126)
at okhttp3.internal.http.RealInterceptorChain.proceed(RealInterceptorChain.java:147)
at okhttp3.internal.http.RealInterceptorChain.proceed(RealInterceptorChain.java:121)
at okhttp3.RealCall.getResponseWithInterceptorChain(RealCall.java:200)
at okhttp3.RealCall.execute(RealCall.java:77)
at org.openqa.selenium.remote.internal.OkHttpClient.execute(OkHttpClient.java:103)
at org.openqa.selenium.remote.ProtocolHandshake.createSession(ProtocolHandshake.java:105)
at org.openqa.selenium.remote.ProtocolHandshake.createSession(ProtocolHandshake.java:74)
at org.openqa.selenium.remote.HttpCommandExecutor.execute(HttpCommandExecutor.java:136)
at org.openqa.selenium.remote.RemoteWebDriver.execute(RemoteWebDriver.java:552)
... 25 more
... Removed 20 stack frames]]>
    </failure>
  </testcase> <!-- @BeforeSuite intitailizeBrowser -->
  <testcase name="@AfterTest end" time="0.0" classname="com.atmecs.assessment.constant.testbase.TestBase">
    <skipped/>
  </testcase> <!-- @AfterTest end -->
  <testcase name="homefooterValidation" time="0.0" classname="com.atmecs.assessment.testscripts.FootersScript">
    <skipped/>
  </testcase> <!-- homefooterValidation -->
  <testcase name="homefooterValidation" time="0.0" classname="com.atmecs.assessment.testscripts.FootersScript">
    <skipped/>
  </testcase> <!-- homefooterValidation -->
  <testcase name="homefooterValidation" time="0.0" classname="com.atmecs.assessment.testscripts.FootersScript">
    <skipped/>
  </testcase> <!-- homefooterValidation -->
  <testcase name="homefooterValidation" time="0.0" classname="com.atmecs.assessment.testscripts.FootersScript">
    <skipped/>
  </testcase> <!-- homefooterValidation -->
  <testcase name="aboutusfooterValidation" time="0.0" classname="com.atmecs.assessment.testscripts.FootersScript">
    <skipped/>
  </testcase> <!-- aboutusfooterValidation -->
  <testcase name="aboutusfooterValidation" time="0.0" classname="com.atmecs.assessment.testscripts.FootersScript">
    <skipped/>
  </testcase> <!-- aboutusfooterValidation -->
  <testcase name="aboutusfooterValidation" time="0.0" classname="com.atmecs.assessment.testscripts.FootersScript">
    <skipped/>
  </testcase> <!-- aboutusfooterValidation -->
  <testcase name="aboutusfooterValidation" time="0.0" classname="com.atmecs.assessment.testscripts.FootersScript">
    <skipped/>
  </testcase> <!-- aboutusfooterValidation -->
  <testcase name="ServicesfooterValidation" time="0.0" classname="com.atmecs.assessment.testscripts.FootersScript">
    <skipped/>
  </testcase> <!-- ServicesfooterValidation -->
  <testcase name="ServicesfooterValidation" time="0.0" classname="com.atmecs.assessment.testscripts.FootersScript">
    <skipped/>
  </testcase> <!-- ServicesfooterValidation -->
  <testcase name="ServicesfooterValidation" time="0.0" classname="com.atmecs.assessment.testscripts.FootersScript">
    <skipped/>
  </testcase> <!-- ServicesfooterValidation -->
  <testcase name="ServicesfooterValidation" time="0.0" classname="com.atmecs.assessment.testscripts.FootersScript">
    <skipped/>
  </testcase> <!-- ServicesfooterValidation -->
  <testcase name="patenersfooterValidation" time="0.0" classname="com.atmecs.assessment.testscripts.FootersScript">
    <skipped/>
  </testcase> <!-- patenersfooterValidation -->
  <testcase name="patenersfooterValidation" time="0.0" classname="com.atmecs.assessment.testscripts.FootersScript">
    <skipped/>
  </testcase> <!-- patenersfooterValidation -->
  <testcase name="patenersfooterValidation" time="0.0" classname="com.atmecs.assessment.testscripts.FootersScript">
    <skipped/>
  </testcase> <!-- patenersfooterValidation -->
  <testcase name="patenersfooterValidation" time="0.0" classname="com.atmecs.assessment.testscripts.FootersScript">
    <skipped/>
  </testcase> <!-- patenersfooterValidation -->
  <testcase name="mediafooterValidation" time="0.0" classname="com.atmecs.assessment.testscripts.FootersScript">
    <skipped/>
  </testcase> <!-- mediafooterValidation -->
  <testcase name="mediafooterValidation" time="0.0" classname="com.atmecs.assessment.testscripts.FootersScript">
    <skipped/>
  </testcase> <!-- mediafooterValidation -->
  <testcase name="mediafooterValidation" time="0.0" classname="com.atmecs.assessment.testscripts.FootersScript">
    <skipped/>
  </testcase> <!-- mediafooterValidation -->
  <testcase name="mediafooterValidation" time="0.0" classname="com.atmecs.assessment.testscripts.FootersScript">
    <skipped/>
  </testcase> <!-- mediafooterValidation -->
  <testcase name="insightsfooterValidation" time="0.0" classname="com.atmecs.assessment.testscripts.FootersScript">
    <skipped/>
  </testcase> <!-- insightsfooterValidation -->
  <testcase name="insightsfooterValidation" time="0.0" classname="com.atmecs.assessment.testscripts.FootersScript">
    <skipped/>
  </testcase> <!-- insightsfooterValidation -->
  <testcase name="insightsfooterValidation" time="0.0" classname="com.atmecs.assessment.testscripts.FootersScript">
    <skipped/>
  </testcase> <!-- insightsfooterValidation -->
  <testcase name="insightsfooterValidation" time="0.0" classname="com.atmecs.assessment.testscripts.FootersScript">
    <skipped/>
  </testcase> <!-- insightsfooterValidation -->
  <testcase name="careersfooterValidation" time="0.0" classname="com.atmecs.assessment.testscripts.FootersScript">
    <skipped/>
  </testcase> <!-- careersfooterValidation -->
  <testcase name="careersfooterValidation" time="0.0" classname="com.atmecs.assessment.testscripts.FootersScript">
    <skipped/>
  </testcase> <!-- careersfooterValidation -->
  <testcase name="careersfooterValidation" time="0.0" classname="com.atmecs.assessment.testscripts.FootersScript">
    <skipped/>
  </testcase> <!-- careersfooterValidation -->
  <testcase name="careersfooterValidation" time="0.0" classname="com.atmecs.assessment.testscripts.FootersScript">
    <skipped/>
  </testcase> <!-- careersfooterValidation -->
  <testcase name="contactfooterValidation" time="0.0" classname="com.atmecs.assessment.testscripts.FootersScript">
    <skipped/>
  </testcase> <!-- contactfooterValidation -->
  <testcase name="contactfooterValidation" time="0.0" classname="com.atmecs.assessment.testscripts.FootersScript">
    <skipped/>
  </testcase> <!-- contactfooterValidation -->
  <testcase name="contactfooterValidation" time="0.0" classname="com.atmecs.assessment.testscripts.FootersScript">
    <skipped/>
  </testcase> <!-- contactfooterValidation -->
  <testcase name="contactfooterValidation" time="0.0" classname="com.atmecs.assessment.testscripts.FootersScript">
    <skipped/>
  </testcase> <!-- contactfooterValidation -->
</testsuite> <!-- Test -->
